<?xml version="1.0" encoding="UTF-8"?>
<!-- Generated by org.testng.reporters.JUnitXMLReporter -->
<testsuite hostname="IT-PC" name="Default test" tests="4" failures="0" timestamp="10 May 2018 08:16:18 GMT" time="5.526" errors="0">
  <testcase name="user_login" time="2.32" classname="TestCases.Login"/>
  <testcase name="user_login" time="1.265" classname="TestCases.Login"/>
  <testcase name="user_login" time="0.891" classname="TestCases.Login"/>
  <testcase name="user_login" time="0.467" classname="TestCases.Login"/>
</testsuite> <!-- Default test -->
